<?xml version="1.0" encoding="UTF-8"?>
<!-- Generated by org.testng.reporters.JUnitReportReporter -->
<testsuite skipped="0" hostname="SSTPR039" name="org.runtestng.RunTestCases" tests="5" failures="0" timestamp="12 May 2020 03:23:45 GMT" time="27.273" errors="0">
  <testcase name="loginMethod" time="8.536" classname="org.runtestng.RunTestCases"/>
  <testcase name="checkIn" time="7.217" classname="org.runtestng.RunTestCases"/>
  <testcase name="hotelSelect" time="2.397" classname="org.runtestng.RunTestCases"/>
  <testcase name="hotelBook" time="9.090" classname="org.runtestng.RunTestCases"/>
  <testcase name="bookingConfirm" time="0.033" classname="org.runtestng.RunTestCases"/>
</testsuite> <!-- org.runtestng.RunTestCases -->
