<?xml version="1.0" encoding="UTF-8"?>
<!-- Generated by org.testng.reporters.JUnitReportReporter -->
<testsuite skipped="0" hostname="SSTPR039" name="org.testng.BaseClass" tests="1" failures="0" timestamp="11 May 2020 14:58:35 GMT" time="0.005" errors="0">
  <testcase name="test1" time="0.005" classname="org.testng.BaseClass"/>
</testsuite> <!-- org.testng.BaseClass -->
